<?xml version="1.0" encoding="UTF-8"?>
<testng-results ignored="0" total="1" passed="1" failed="0" skipped="0">
  <reporter-output>
  </reporter-output>
  <suite started-at="2023-12-13T16:54:00 IST" name="FirstCry Test" finished-at="2023-12-13T16:55:03 IST" duration-ms="62987">
    <groups>
      <group name="cucumber">
        <method signature="AbstractTestNGCucumberTests.runScenario(io.cucumber.testng.PickleWrapper,io.cucumber.testng.FeatureWrapper)[pri:0, instance:runner.Runner@24569dba]" name="runScenario" class="io.cucumber.testng.AbstractTestNGCucumberTests"/>
      </group> <!-- cucumber -->
    </groups>
    <test started-at="2023-12-13T16:54:00 IST" name="Test Runner using XML" finished-at="2023-12-13T16:55:03 IST" duration-ms="62987">
      <class name="runner.Runner">
        <test-method is-config="true" signature="setUpClass(org.testng.ITestContext)[pri:0, instance:runner.Runner@24569dba]" started-at="2023-12-13T16:54:00 IST" name="setUpClass" finished-at="2023-12-13T16:54:02 IST" duration-ms="2239" status="PASS">
          <params>
            <param index="0">
              <value>
                <![CDATA[org.testng.TestRunner@6b5c134e]]>
              </value>
            </param>
          </params>
          <reporter-output>
          </reporter-output>
        </test-method> <!-- setUpClass -->
        <test-method signature="runScenario(io.cucumber.testng.PickleWrapper,io.cucumber.testng.FeatureWrapper)[pri:0, instance:runner.Runner@24569dba]" started-at="2023-12-13T16:54:02 IST" name="runScenario" description="Runs Cucumber Scenarios" data-provider="scenarios" finished-at="2023-12-13T16:55:02 IST" duration-ms="59690" status="PASS">
          <params>
            <param index="0">
              <value>
                <![CDATA["Login with email"]]>
              </value>
            </param>
            <param index="1">
              <value>
                <![CDATA["To test Login Functionality"]]>
              </value>
            </param>
          </params>
          <reporter-output>
          </reporter-output>
        </test-method> <!-- runScenario -->
        <test-method is-config="true" signature="tearDownClass()[pri:0, instance:runner.Runner@24569dba]" started-at="2023-12-13T16:55:02 IST" name="tearDownClass" finished-at="2023-12-13T16:55:03 IST" duration-ms="873" status="PASS">
          <reporter-output>
          </reporter-output>
        </test-method> <!-- tearDownClass -->
      </class> <!-- runner.Runner -->
    </test> <!-- Test Runner using XML -->
  </suite> <!-- FirstCry Test -->
</testng-results>
